<?xml version="1.0" encoding="UTF-8"?>
<testsuite name="AppTest" tests="3" skipped="0" failures="0" errors="0" timestamp="2016-02-08T22:30:49" hostname="epicodus-65.local" time="0.002">
  <properties/>
  <testcase name="findAngle_is90IfHandsFace12And3_90" classname="AppTest" time="0.002"/>
  <testcase name="findAngle_is90IfHandsFace12And9_90" classname="AppTest" time="0.0"/>
  <testcase name="findAngle_is0IfBothHandsFace12_0" classname="AppTest" time="0.0"/>
  <system-out><![CDATA[]]></system-out>
  <system-err><![CDATA[]]></system-err>
</testsuite>
